<?xml version="1.0" encoding="UTF-8"?>
<testsuite xmlns:xsi="http://www.w3.org/2001/XMLSchema-instance" xsi:noNamespaceSchemaLocation="https://maven.apache.org/surefire/maven-surefire-plugin/xsd/surefire-test-report.xsd" name="com.healthcare.RandCodeTest" time="0.022" tests="2" errors="0" skipped="0" failures="0">
  <properties>
[...]
</properties>
  <testcase name="main" classname="com.healthcare.RandCodeTest" time="0.015"/>
  <testcase name="generateFixedLengthNum" classname="com.healthcare.RandCodeTest" time="0.001"/>
</testsuite>